<?xml version="1.0" encoding="UTF-8"?>
<!-- Generated by org.testng.reporters.JUnitXMLReporter -->
<testsuite ignored="0" hostname="DESKTOP-4LNCIFR" failures="0" tests="3" name="Default test" time="0.185" errors="0" timestamp="2024-07-19T13:00:26 IST">
  <testcase classname="test2.GroupingConcept" name="Test1" time="0.019"/>
  <testcase classname="test2.GroupingConcept" name="Test2" time="0.004"/>
  <testcase classname="test2.GroupingConcept" name="Test3" time="0.004"/>
</testsuite> <!-- Default test -->
