<?xml version="1.0" encoding="UTF-8"?>
<!-- Generated by org.testng.reporters.JUnitXMLReporter -->
<testsuite ignored="2" hostname="DESKTOP-4LNCIFR" failures="0" tests="5" name="Test" time="0.216" errors="0" timestamp="2024-03-02T02:45:53 IST">
  <testcase classname="test2.GroupingConcept2" name="Test4" time="0.031"/>
  <testcase classname="test2.GroupingConcept2" name="Test6" time="0.005"/>
  <testcase classname="test2.GroupingConcept2" name="Test7" time="0.003"/>
  <testcase classname="test2.GroupingConcept" name="Test1" time="0.006"/>
  <testcase classname="test2.GroupingConcept" name="Test2" time="0.007"/>
  <testcase classname="test2.GroupingConcept2" name="Test5" time="0.0">
    <ignored/>
  </testcase> <!-- Test5 -->
  <testcase classname="test2.GroupingConcept" name="Test3" time="0.0">
    <ignored/>
  </testcase> <!-- Test3 -->
</testsuite> <!-- Test -->
