<?xml version="1.0" encoding="UTF-8"?>
<!-- Generated by org.testng.reporters.JUnitXMLReporter -->
<testsuite ignored="0" hostname="DESKTOP-4LNCIFR" failures="0" tests="4" name="OrangeHRMMyInfo " time="31.459" errors="0" timestamp="2024-07-19T12:24:43 IST">
  <testcase classname="test2.OrangeHRM" name="LaunchApp" time="6.185"/>
  <testcase classname="test2.OrangeHRM" name="EnterLoginDetails" time="2.229"/>
  <testcase classname="test2.OrangeHRM" name="NavigateToMyInfo" time="3.629"/>
  <testcase classname="test2.OrangeHRM" name="VerifyMyInfo" time="0.685"/>
</testsuite> <!-- OrangeHRMMyInfo  -->
