<?xml version="1.0" encoding="UTF-8"?>
<!-- Generated by org.testng.reporters.JUnitXMLReporter -->
<testsuite ignored="1" hostname="DESKTOP-4LNCIFR" failures="0" tests="3" name="OrangeHRMLogin" time="25.738" errors="0" timestamp="2024-07-19T12:24:12 IST">
  <testcase classname="test2.OrangeHRM" name="LaunchApp" time="4.297"/>
  <testcase classname="test2.OrangeHRM" name="EnterLoginDetails" time="2.41"/>
  <testcase classname="test2.OrangeHRM" name="NavigateToMyInfo" time="2.07"/>
  <testcase classname="test2.OrangeHRM" name="VerifyMyInfo" time="0.0">
    <ignored/>
  </testcase> <!-- VerifyMyInfo -->
</testsuite> <!-- OrangeHRMLogin -->
