<?xml version="1.0" encoding="UTF-8"?>
<!-- Generated by org.testng.reporters.JUnitReportReporter -->
<testsuite hostname="DESKTOP-4LNCIFR" failures="0" tests="3" name="test2.GroupingConcept" time="0.027" errors="0" timestamp="2024-07-19T13:00:27 IST" skipped="0">
  <testcase classname="test2.GroupingConcept" name="Test1" time="0.019"/>
  <system-out/>
  <testcase classname="test2.GroupingConcept" name="Test3" time="0.004"/>
  <system-out/>
  <testcase classname="test2.GroupingConcept" name="Test2" time="0.004"/>
  <system-out/>
</testsuite> <!-- test2.GroupingConcept -->
