<?xml version="1.0" encoding="UTF-8"?>
<!-- Generated by org.testng.reporters.JUnitReportReporter -->
<testsuite hostname="DESKTOP-4LNCIFR" failures="0" tests="3" name="test.DataproviderConcept" time="0.021" errors="0" timestamp="2024-07-03T00:37:11 IST" skipped="0">
  <testcase classname="test.DataproviderConcept" name="sampleLoginTest" time="0.014"/>
  <system-out/>
  <testcase classname="test.DataproviderConcept" name="sampleLoginTest" time="0.003"/>
  <system-out/>
  <testcase classname="test.DataproviderConcept" name="sampleLoginTest" time="0.004"/>
  <system-out/>
</testsuite> <!-- test.DataproviderConcept -->
