<?xml version="1.0" encoding="UTF-8"?>
<!-- Generated by org.testng.reporters.JUnitReportReporter -->
<testsuite hostname="DESKTOP-4LNCIFR" failures="0" tests="3" name="test2.GroupingConcept2" time="0.039" errors="0" timestamp="2024-03-02T02:45:54 IST" skipped="0">
  <testcase classname="test2.GroupingConcept2" name="Test7" time="0.003"/>
  <system-out/>
  <testcase classname="test2.GroupingConcept2" name="Test4" time="0.031"/>
  <system-out/>
  <testcase classname="test2.GroupingConcept2" name="Test6" time="0.005"/>
  <system-out/>
</testsuite> <!-- test2.GroupingConcept2 -->
