<?xml version="1.0" encoding="UTF-8"?>
<testng-results ignored="0" total="1" passed="1" failed="0" skipped="0">
  <reporter-output>
  </reporter-output>
  <suite started-at="2024-07-16T13:30:14 IST" name="Default suite" finished-at="2024-07-16T13:30:19 IST" duration-ms="4532">
    <groups>
    </groups>
    <test started-at="2024-07-16T13:30:14 IST" name="Default test" finished-at="2024-07-16T13:30:19 IST" duration-ms="4532">
      <class name="basicrequest.JsonFileRead">
        <test-method signature="readFile()[pri:0, instance:basicrequest.JsonFileRead@21282ed8]" started-at="2024-07-16T13:30:14 IST" name="readFile" finished-at="2024-07-16T13:30:19 IST" duration-ms="4412" status="PASS">
          <reporter-output>
          </reporter-output>
        </test-method> <!-- readFile -->
      </class> <!-- basicrequest.JsonFileRead -->
    </test> <!-- Default test -->
  </suite> <!-- Default suite -->
</testng-results>
