<?xml version="1.0" encoding="UTF-8"?>
<testng-results ignored="0" total="3" passed="3" failed="0" skipped="0">
  <reporter-output>
  </reporter-output>
  <suite started-at="2024-07-19T13:00:26 IST" name="Default suite" finished-at="2024-07-19T13:00:26 IST" duration-ms="185">
    <groups>
      <group name="functional">
        <method signature="GroupingConcept.Test2()[pri:0, instance:test2.GroupingConcept@6c1a5b54]" name="Test2" class="test2.GroupingConcept"/>
      </group> <!-- functional -->
      <group name="smoke">
        <method signature="GroupingConcept.Test3()[pri:0, instance:test2.GroupingConcept@6c1a5b54]" name="Test3" class="test2.GroupingConcept"/>
      </group> <!-- smoke -->
      <group name="sanity">
        <method signature="GroupingConcept.Test1()[pri:0, instance:test2.GroupingConcept@6c1a5b54]" name="Test1" class="test2.GroupingConcept"/>
        <method signature="GroupingConcept.Test2()[pri:0, instance:test2.GroupingConcept@6c1a5b54]" name="Test2" class="test2.GroupingConcept"/>
      </group> <!-- sanity -->
    </groups>
    <test started-at="2024-07-19T13:00:26 IST" name="Default test" finished-at="2024-07-19T13:00:26 IST" duration-ms="185">
      <class name="test2.GroupingConcept">
        <test-method signature="Test1()[pri:0, instance:test2.GroupingConcept@6c1a5b54]" started-at="2024-07-19T13:00:26 IST" name="Test1" finished-at="2024-07-19T13:00:26 IST" duration-ms="19" status="PASS">
          <reporter-output>
          </reporter-output>
        </test-method> <!-- Test1 -->
        <test-method signature="Test2()[pri:0, instance:test2.GroupingConcept@6c1a5b54]" started-at="2024-07-19T13:00:26 IST" name="Test2" finished-at="2024-07-19T13:00:26 IST" duration-ms="4" status="PASS">
          <reporter-output>
          </reporter-output>
        </test-method> <!-- Test2 -->
        <test-method signature="Test3()[pri:0, instance:test2.GroupingConcept@6c1a5b54]" started-at="2024-07-19T13:00:26 IST" name="Test3" finished-at="2024-07-19T13:00:26 IST" duration-ms="4" status="PASS">
          <reporter-output>
          </reporter-output>
        </test-method> <!-- Test3 -->
      </class> <!-- test2.GroupingConcept -->
    </test> <!-- Default test -->
  </suite> <!-- Default suite -->
</testng-results>
