<?xml version="1.0" encoding="UTF-8"?>
<!-- Generated by org.testng.reporters.JUnitXMLReporter -->
<testsuite ignored="0" hostname="DESKTOP-4LNCIFR" failures="0" tests="4" name="OrangeHRMMyInfo (failed)(failed)(failed)(failed)(failed)(failed)(failed)" time="23.984" errors="0" timestamp="2024-03-28T01:57:18 IST">
  <testcase classname="test2.OrangeHRM" name="LaunchApp" time="8.285"/>
  <testcase classname="test2.OrangeHRM" name="EnterLoginDetails" time="1.232"/>
  <testcase classname="test2.OrangeHRM" name="NavigateToMyInfo" time="3.333"/>
  <testcase classname="test2.OrangeHRM" name="VerifyMyInfo" time="0.75"/>
</testsuite> <!-- OrangeHRMMyInfo (failed)(failed)(failed)(failed)(failed)(failed)(failed) -->
