<?xml version="1.0" encoding="UTF-8"?>
<!-- Generated by org.testng.reporters.JUnitReportReporter -->
<testsuite hostname="DESKTOP-4LNCIFR" failures="0" tests="2" name="fetchData.FetchDataFromJson" time="5.067" errors="0" timestamp="2024-02-22T16:36:44 IST" skipped="0">
  <testcase classname="fetchData.FetchDataFromJson" name="fetchDetailsFromJson" time="4.402"/>
  <system-out/>
  <testcase classname="fetchData.FetchDataFromJson" name="fetchDetailsFromJson2" time="0.665"/>
  <system-out/>
</testsuite> <!-- fetchData.FetchDataFromJson -->
