<?xml version="1.0" encoding="UTF-8"?>
<!-- Generated by org.testng.reporters.JUnitReportReporter -->
<testsuite hostname="DESKTOP-4LNCIFR" failures="0" tests="2" name="basicrequest.FetchDataFromJson" time="5.141" errors="0" timestamp="2024-02-22T01:57:46 IST" skipped="0">
  <testcase classname="basicrequest.FetchDataFromJson" name="fetchDetailsFromJson2" time="0.560"/>
  <system-out/>
  <testcase classname="basicrequest.FetchDataFromJson" name="fetchDetailsFromJson" time="4.581"/>
  <system-out/>
</testsuite> <!-- basicrequest.FetchDataFromJson -->
