<?xml version="1.0" encoding="UTF-8"?>
<!-- Generated by org.testng.reporters.JUnitReportReporter -->
<testsuite hostname="DESKTOP-4LNCIFR" failures="0" tests="3" name="fetchData.GetDataFromReadyMadeJson" time="3.481" errors="0" timestamp="2024-02-25T01:15:44 IST" skipped="0">
  <testcase classname="fetchData.GetDataFromReadyMadeJson" name="getData" time="2.975"/>
  <system-out/>
  <testcase classname="fetchData.GetDataFromReadyMadeJson" name="GetPriceAndValue" time="0.175"/>
  <system-out/>
  <testcase classname="fetchData.GetDataFromReadyMadeJson" name="ValidateCoursePrice" time="0.331"/>
  <system-out/>
</testsuite> <!-- fetchData.GetDataFromReadyMadeJson -->
