<?xml version="1.0" encoding="UTF-8"?>
<!-- Generated by org.testng.reporters.JUnitReportReporter -->
<testsuite hostname="DESKTOP-4LNCIFR" failures="0" tests="1" name="serializationAndDeserialization.ComplexJsonGetRequest" time="4.604" errors="0" timestamp="2024-07-10T01:30:10 IST" skipped="0">
  <testcase classname="serializationAndDeserialization.ComplexJsonGetRequest" name="getListOfUsers" time="4.604"/>
  <system-out/>
</testsuite> <!-- serializationAndDeserialization.ComplexJsonGetRequest -->
